<?xml version="1.0" encoding="UTF-8"?>
<!-- Generated by org.testng.reporters.JUnitReportReporter -->
<testsuite skipped="0" hostname="PIS031" name="EEExecution.ExecuteCases" tests="13" failures="0" timestamp="2020-07-29T22:14:28 PDT" time="245.012" errors="0">
  <testcase name="ValidateLogin" time="16.473" classname="EEExecution.ExecuteCases"/>
  <system-out/>
  <testcase name="newEvent" time="10.595" classname="EEExecution.ExecuteCases"/>
  <system-out/>
  <testcase name="newTicket" time="16.990" classname="EEExecution.ExecuteCases"/>
  <system-out/>
  <testcase name="scheduling" time="15.275" classname="EEExecution.ExecuteCases"/>
  <system-out/>
  <testcase name="createTicketFromTickettab" time="15.828" classname="EEExecution.ExecuteCases"/>
  <system-out/>
  <testcase name="createBilling" time="17.945" classname="EEExecution.ExecuteCases"/>
  <system-out/>
  <testcase name="addDevices" time="13.276" classname="EEExecution.ExecuteCases"/>
  <system-out/>
  <testcase name="createPassword" time="8.889" classname="EEExecution.ExecuteCases"/>
  <system-out/>
  <testcase name="createPurchaseOrder" time="20.121" classname="EEExecution.ExecuteCases"/>
  <system-out/>
  <testcase name="addNewcontact" time="19.151" classname="EEExecution.ExecuteCases"/>
  <system-out/>
  <testcase name="generateReport" time="8.738" classname="EEExecution.ExecuteCases"/>
  <system-out/>
  <testcase name="executeSystem" time="81.680" classname="EEExecution.ExecuteCases"/>
  <system-out/>
  <testcase name="logout" time="0.051" classname="EEExecution.ExecuteCases"/>
  <system-out/>
</testsuite> <!-- EEExecution.ExecuteCases -->
