<?xml version="1.0" encoding="UTF-8"?>
<!-- Generated by org.testng.reporters.JUnitReportReporter -->
<testsuite skipped="0" hostname="PIS031" name="Regression.Practicetest" tests="1" failures="0" timestamp="2020-07-29T09:44:54 PDT" time="14.025" errors="0">
  <testcase name="practice" time="14.025" classname="Regression.Practicetest"/>
  <system-out/>
</testsuite> <!-- Regression.Practicetest -->
