<?xml version="1.0" encoding="UTF-8"?>
<!-- Generated by org.testng.reporters.JUnitReportReporter -->
<testsuite skipped="0" hostname="PIS031" name="EEExecution.ExecuteSignup" tests="1" failures="0" timestamp="2020-07-28T21:17:55 PDT" time="6.311" errors="0">
  <testcase name="signupuser" time="6.311" classname="EEExecution.ExecuteSignup"/>
  <system-out/>
</testsuite> <!-- EEExecution.ExecuteSignup -->
